<?xml version="1.0" encoding="UTF-8"?>
<!-- Generated by org.testng.reporters.JUnitReportReporter -->
<testsuite hostname="LAPTOP-2DNF4VQJ" failures="0" tests="4" name="api.test.UserTests" time="15.457" errors="0" timestamp="2023-10-03T16:24:15 IST" skipped="0">
  <testcase classname="api.test.UserTests" name="testPostUser" time="5.150"/>
  <testcase classname="api.test.UserTests" name="testGetUserByName" time="3.779"/>
  <testcase classname="api.test.UserTests" name="testUpdateUserByName" time="4.933"/>
  <testcase classname="api.test.UserTests" name="deleteUserByName" time="1.595"/>
</testsuite> <!-- api.test.UserTests -->
