<?xml version="1.0" encoding="UTF-8"?>
<!-- Generated by org.testng.reporters.JUnitReportReporter -->
<testsuite hostname="LAPTOP-2DNF4VQJ" failures="0" tests="4" name="api.test.UserTests2" time="14.515" errors="0" timestamp="2023-10-04T10:37:55 IST" skipped="0">
  <testcase classname="api.test.UserTests2" name="testPostUser" time="6.236"/>
  <testcase classname="api.test.UserTests2" name="testGetUserByName" time="1.286"/>
  <testcase classname="api.test.UserTests2" name="testUpdateUserByName" time="5.764"/>
  <testcase classname="api.test.UserTests2" name="deleteUserByName" time="1.229"/>
</testsuite> <!-- api.test.UserTests2 -->
