<?xml version="1.0" encoding="UTF-8"?>
<!-- Generated by org.testng.reporters.JUnitReportReporter -->
<testsuite hostname="LAPTOP-2DNF4VQJ" failures="0" tests="4" name="api.test.UserTests2" time="11.994" errors="0" timestamp="2023-10-04T11:48:33 IST" skipped="0">
  <testcase classname="api.test.UserTests2" name="testPostUser" time="4.558"/>
  <testcase classname="api.test.UserTests2" name="testGetUserByName" time="2.287"/>
  <testcase classname="api.test.UserTests2" name="testUpdateUserByName" time="3.872"/>
  <testcase classname="api.test.UserTests2" name="deleteUserByName" time="1.277"/>
</testsuite> <!-- api.test.UserTests2 -->
